<?xml version="1.0" encoding="UTF-8" ?>
<testsuite errors="0" failures="0" hostname="Anas-PC" name="biblioj.AuteurControllerTests" tests="8" time="5.603" timestamp="2014-04-22T22:49:11">
  <properties />
  <testcase classname="biblioj.AuteurControllerTests" name="testShow" time="3.841" />
  <testcase classname="biblioj.AuteurControllerTests" name="testDelete" time="0.863" />
  <testcase classname="biblioj.AuteurControllerTests" name="testUpdate" time="0.221" />
  <testcase classname="biblioj.AuteurControllerTests" name="testCreate" time="0.071" />
  <testcase classname="biblioj.AuteurControllerTests" name="testSave" time="0.103" />
  <testcase classname="biblioj.AuteurControllerTests" name="testList" time="0.13" />
  <testcase classname="biblioj.AuteurControllerTests" name="testEdit" time="0.082" />
  <testcase classname="biblioj.AuteurControllerTests" name="testIndex" time="0.079" />
  <system-out><![CDATA[--Output from testShow--
--Output from testDelete--
--Output from testUpdate--
--Output from testCreate--
--Output from testSave--
--Output from testList--
--Output from testEdit--
--Output from testIndex--
]]></system-out>
  <system-err><![CDATA[--Output from testShow--
--Output from testDelete--
--Output from testUpdate--
--Output from testCreate--
--Output from testSave--
--Output from testList--
--Output from testEdit--
--Output from testIndex--
]]></system-err>
</testsuite>
