<?xml version="1.0" encoding="UTF-8" ?>
<testsuite errors="0" failures="0" hostname="Anas-PC" name="biblioj.ReservationControllerTests" tests="8" time="1.267" timestamp="2014-04-22T22:49:20">
  <properties />
  <testcase classname="biblioj.ReservationControllerTests" name="testShow" time="0.455" />
  <testcase classname="biblioj.ReservationControllerTests" name="testDelete" time="0.12" />
  <testcase classname="biblioj.ReservationControllerTests" name="testUpdate" time="0.217" />
  <testcase classname="biblioj.ReservationControllerTests" name="testCreate" time="0.082" />
  <testcase classname="biblioj.ReservationControllerTests" name="testSave" time="0.074" />
  <testcase classname="biblioj.ReservationControllerTests" name="testList" time="0.071" />
  <testcase classname="biblioj.ReservationControllerTests" name="testEdit" time="0.068" />
  <testcase classname="biblioj.ReservationControllerTests" name="testIndex" time="0.066" />
  <system-out><![CDATA[--Output from testShow--
--Output from testDelete--
--Output from testUpdate--
--Output from testCreate--
--Output from testSave--
--Output from testList--
--Output from testEdit--
--Output from testIndex--
]]></system-out>
  <system-err><![CDATA[--Output from testShow--
--Output from testDelete--
--Output from testUpdate--
--Output from testCreate--
--Output from testSave--
--Output from testList--
--Output from testEdit--
--Output from testIndex--
]]></system-err>
</testsuite>
