<?xml version="1.0" encoding="UTF-8" ?>
<testsuite errors="0" failures="0" hostname="XERS-PC" name="biblioj.LivreControllerTests" tests="8" time="0.945" timestamp="2014-04-22T22:31:54">
  <properties />
  <testcase classname="biblioj.LivreControllerTests" name="testList" time="0.309" />
  <testcase classname="biblioj.LivreControllerTests" name="testCreate" time="0.086" />
  <testcase classname="biblioj.LivreControllerTests" name="testSave" time="0.126" />
  <testcase classname="biblioj.LivreControllerTests" name="testUpdate" time="0.086" />
  <testcase classname="biblioj.LivreControllerTests" name="testEdit" time="0.059" />
  <testcase classname="biblioj.LivreControllerTests" name="testShow" time="0.057" />
  <testcase classname="biblioj.LivreControllerTests" name="testIndex" time="0.054" />
  <testcase classname="biblioj.LivreControllerTests" name="testDelete" time="0.062" />
  <system-out><![CDATA[--Output from testList--
--Output from testCreate--
--Output from testSave--
--Output from testUpdate--
--Output from testEdit--
--Output from testShow--
--Output from testIndex--
--Output from testDelete--
]]></system-out>
  <system-err><![CDATA[--Output from testList--
--Output from testCreate--
--Output from testSave--
--Output from testUpdate--
--Output from testEdit--
--Output from testShow--
--Output from testIndex--
--Output from testDelete--
]]></system-err>
</testsuite>
