<?xml version="1.0" encoding="UTF-8" ?>
<testsuite errors="0" failures="0" hostname="XERS-PC" name="biblioj.ReservationControllerTests" tests="8" time="1.015" timestamp="2014-04-21T03:13:33">
  <properties />
  <testcase classname="biblioj.ReservationControllerTests" name="testEdit" time="0.362" />
  <testcase classname="biblioj.ReservationControllerTests" name="testUpdate" time="0.081" />
  <testcase classname="biblioj.ReservationControllerTests" name="testSave" time="0.056" />
  <testcase classname="biblioj.ReservationControllerTests" name="testDelete" time="0.115" />
  <testcase classname="biblioj.ReservationControllerTests" name="testCreate" time="0.053" />
  <testcase classname="biblioj.ReservationControllerTests" name="testShow" time="0.091" />
  <testcase classname="biblioj.ReservationControllerTests" name="testList" time="0.067" />
  <testcase classname="biblioj.ReservationControllerTests" name="testIndex" time="0.071" />
  <system-out><![CDATA[--Output from testEdit--
--Output from testUpdate--
--Output from testSave--
--Output from testDelete--
--Output from testCreate--
--Output from testShow--
--Output from testList--
--Output from testIndex--
]]></system-out>
  <system-err><![CDATA[--Output from testEdit--
--Output from testUpdate--
--Output from testSave--
--Output from testDelete--
--Output from testCreate--
--Output from testShow--
--Output from testList--
--Output from testIndex--
]]></system-err>
</testsuite>
