<?xml version="1.0" encoding="UTF-8" ?>
<testsuite errors="0" failures="0" hostname="XERS-PC" name="biblioj.LivreTests" tests="7" time="0.297" timestamp="2014-04-21T03:13:33">
  <properties />
  <testcase classname="biblioj.LivreTests" name="testConstraintTypeDocumentNull" time="0.091" />
  <testcase classname="biblioj.LivreTests" name="testConstraintNombreExemplairesMinValue" time="0.013" />
  <testcase classname="biblioj.LivreTests" name="testConstraintTitreNullNombreExemplairesNullNombreExemplairesDisponiblesNull" time="0.01" />
  <testcase classname="biblioj.LivreTests" name="testConstraintNombreExemplairesDisponiblesMinValue" time="0.011" />
  <testcase classname="biblioj.LivreTests" name="testToString" time="0.012" />
  <testcase classname="biblioj.LivreTests" name="testConstraintsValidees" time="0.011" />
  <testcase classname="biblioj.LivreTests" name="testConstraintTitreNull" time="0.012" />
  <system-out><![CDATA[--Output from testConstraintTypeDocumentNull--
--Output from testConstraintNombreExemplairesMinValue--
--Output from testConstraintTitreNullNombreExemplairesNullNombreExemplairesDisponiblesNull--
--Output from testConstraintNombreExemplairesDisponiblesMinValue--
--Output from testToString--
--Output from testConstraintsValidees--
--Output from testConstraintTitreNull--
]]></system-out>
  <system-err><![CDATA[--Output from testConstraintTypeDocumentNull--
--Output from testConstraintNombreExemplairesMinValue--
--Output from testConstraintTitreNullNombreExemplairesNullNombreExemplairesDisponiblesNull--
--Output from testConstraintNombreExemplairesDisponiblesMinValue--
--Output from testToString--
--Output from testConstraintsValidees--
--Output from testConstraintTitreNull--
]]></system-err>
</testsuite>
