<?xml version="1.0" encoding="UTF-8" ?>
<testsuite errors="0" failures="0" hostname="Anas-PC" name="biblioj.TypeDocumentControllerTests" tests="8" time="1.061" timestamp="2014-04-22T22:49:22">
  <properties />
  <testcase classname="biblioj.TypeDocumentControllerTests" name="testShow" time="0.391" />
  <testcase classname="biblioj.TypeDocumentControllerTests" name="testDelete" time="0.071" />
  <testcase classname="biblioj.TypeDocumentControllerTests" name="testUpdate" time="0.08" />
  <testcase classname="biblioj.TypeDocumentControllerTests" name="testCreate" time="0.076" />
  <testcase classname="biblioj.TypeDocumentControllerTests" name="testSave" time="0.082" />
  <testcase classname="biblioj.TypeDocumentControllerTests" name="testList" time="0.063" />
  <testcase classname="biblioj.TypeDocumentControllerTests" name="testEdit" time="0.073" />
  <testcase classname="biblioj.TypeDocumentControllerTests" name="testIndex" time="0.106" />
  <system-out><![CDATA[--Output from testShow--
--Output from testDelete--
--Output from testUpdate--
--Output from testCreate--
--Output from testSave--
--Output from testList--
--Output from testEdit--
--Output from testIndex--
]]></system-out>
  <system-err><![CDATA[--Output from testShow--
--Output from testDelete--
--Output from testUpdate--
--Output from testCreate--
--Output from testSave--
--Output from testList--
--Output from testEdit--
--Output from testIndex--
]]></system-err>
</testsuite>
