<?xml version="1.0" encoding="UTF-8" ?>
<testsuite errors="0" failures="0" hostname="XERS-PC" name="biblioj.AuteurControllerTests" tests="8" time="1.477" timestamp="2014-04-22T22:31:52">
  <properties />
  <testcase classname="biblioj.AuteurControllerTests" name="testList" time="0.26" />
  <testcase classname="biblioj.AuteurControllerTests" name="testCreate" time="0.665" />
  <testcase classname="biblioj.AuteurControllerTests" name="testSave" time="0.111" />
  <testcase classname="biblioj.AuteurControllerTests" name="testUpdate" time="0.07" />
  <testcase classname="biblioj.AuteurControllerTests" name="testEdit" time="0.061" />
  <testcase classname="biblioj.AuteurControllerTests" name="testShow" time="0.066" />
  <testcase classname="biblioj.AuteurControllerTests" name="testIndex" time="0.067" />
  <testcase classname="biblioj.AuteurControllerTests" name="testDelete" time="0.073" />
  <system-out><![CDATA[--Output from testList--
--Output from testCreate--
--Output from testSave--
--Output from testUpdate--
--Output from testEdit--
--Output from testShow--
--Output from testIndex--
--Output from testDelete--
]]></system-out>
  <system-err><![CDATA[--Output from testList--
--Output from testCreate--
--Output from testSave--
--Output from testUpdate--
--Output from testEdit--
--Output from testShow--
--Output from testIndex--
--Output from testDelete--
]]></system-err>
</testsuite>
