<?xml version="1.0" encoding="UTF-8" ?>
<testsuite errors="0" failures="0" hostname="XERS-PC" name="biblioj.AuteurTests" tests="8" time="0.265" timestamp="2014-04-21T03:13:31">
  <properties />
  <testcase classname="biblioj.AuteurTests" name="testConstraintNomNullPrenomNull" time="0.075" />
  <testcase classname="biblioj.AuteurTests" name="testConstraintNomBlankPrenomBlanck" time="0.013" />
  <testcase classname="biblioj.AuteurTests" name="testToString" time="0.013" />
  <testcase classname="biblioj.AuteurTests" name="testConstraintPrenomNull" time="0.012" />
  <testcase classname="biblioj.AuteurTests" name="testConstraintNomNull" time="0.011" />
  <testcase classname="biblioj.AuteurTests" name="testConstraintNomBlank" time="0.012" />
  <testcase classname="biblioj.AuteurTests" name="testConstraintPrenomBlank" time="0.012" />
  <testcase classname="biblioj.AuteurTests" name="testConstraintsValidees" time="0.022" />
  <system-out><![CDATA[--Output from testConstraintNomNullPrenomNull--
--Output from testConstraintNomBlankPrenomBlanck--
--Output from testToString--
--Output from testConstraintPrenomNull--
--Output from testConstraintNomNull--
--Output from testConstraintNomBlank--
--Output from testConstraintPrenomBlank--
--Output from testConstraintsValidees--
]]></system-out>
  <system-err><![CDATA[--Output from testConstraintNomNullPrenomNull--
--Output from testConstraintNomBlankPrenomBlanck--
--Output from testToString--
--Output from testConstraintPrenomNull--
--Output from testConstraintNomNull--
--Output from testConstraintNomBlank--
--Output from testConstraintPrenomBlank--
--Output from testConstraintsValidees--
]]></system-err>
</testsuite>
