<?xml version="1.0" encoding="UTF-8" ?>
<testsuite errors="0" failures="1" hostname="XERS-PC" name="biblioj.AuteurControllerTests" tests="8" time="6.012" timestamp="2014-04-21T01:51:57">
  <properties />
  <testcase classname="biblioj.AuteurControllerTests" name="testEdit" time="4.346" />
  <testcase classname="biblioj.AuteurControllerTests" name="testSave" time="0.888" />
  <testcase classname="biblioj.AuteurControllerTests" name="testCreate" time="0.097" />
  <testcase classname="biblioj.AuteurControllerTests" name="testShow" time="0.084" />
  <testcase classname="biblioj.AuteurControllerTests" name="testList" time="0.09" />
  <testcase classname="biblioj.AuteurControllerTests" name="testIndex" time="0.077" />
  <testcase classname="biblioj.AuteurControllerTests" name="testUpdate" time="0.202">
    <failure message="Assertion failed: &#xa;&#xa;assert view == &quot;/auteur/edit&quot;&#xa;       |    |&#xa;       null false&#xa;" type="junit.framework.AssertionFailedError">junit.framework.AssertionFailedError: Assertion failed: 

assert view == &quot;/auteur/edit&quot;
       |    |
       null false

	at biblioj.AuteurControllerTests.testUpdate(AuteurControllerTests.groovy:111)
</failure>
  </testcase>
  <testcase classname="biblioj.AuteurControllerTests" name="testDelete" time="0.103" />
  <system-out><![CDATA[--Output from testEdit--
--Output from testSave--
--Output from testCreate--
--Output from testShow--
--Output from testList--
--Output from testIndex--
--Output from testUpdate--
--Output from testDelete--
]]></system-out>
  <system-err><![CDATA[--Output from testEdit--
--Output from testSave--
--Output from testCreate--
--Output from testShow--
--Output from testList--
--Output from testIndex--
--Output from testUpdate--
--Output from testDelete--
]]></system-err>
</testsuite>
