<?xml version="1.0" encoding="UTF-8" ?>
<testsuite errors="0" failures="0" hostname="Anas-PC" name="biblioj.ReservationControllerTests" tests="8" time="1.064" timestamp="2014-04-22T22:14:11">
  <properties />
  <testcase classname="biblioj.ReservationControllerTests" name="testIndex" time="0.331" />
  <testcase classname="biblioj.ReservationControllerTests" name="testList" time="0.079" />
  <testcase classname="biblioj.ReservationControllerTests" name="testShow" time="0.158" />
  <testcase classname="biblioj.ReservationControllerTests" name="testSave" time="0.08" />
  <testcase classname="biblioj.ReservationControllerTests" name="testEdit" time="0.065" />
  <testcase classname="biblioj.ReservationControllerTests" name="testCreate" time="0.064" />
  <testcase classname="biblioj.ReservationControllerTests" name="testUpdate" time="0.096" />
  <testcase classname="biblioj.ReservationControllerTests" name="testDelete" time="0.074" />
  <system-out><![CDATA[--Output from testIndex--
--Output from testList--
--Output from testShow--
--Output from testSave--
--Output from testEdit--
--Output from testCreate--
--Output from testUpdate--
--Output from testDelete--
]]></system-out>
  <system-err><![CDATA[--Output from testIndex--
--Output from testList--
--Output from testShow--
--Output from testSave--
--Output from testEdit--
--Output from testCreate--
--Output from testUpdate--
--Output from testDelete--
]]></system-err>
</testsuite>
