<?xml version="1.0" encoding="UTF-8" ?>
<testsuite errors="0" failures="0" hostname="XERS-PC" name="biblioj.ReservationControllerTests" tests="8" time="0.859" timestamp="2014-04-22T22:31:55">
  <properties />
  <testcase classname="biblioj.ReservationControllerTests" name="testList" time="0.246" />
  <testcase classname="biblioj.ReservationControllerTests" name="testCreate" time="0.076" />
  <testcase classname="biblioj.ReservationControllerTests" name="testSave" time="0.104" />
  <testcase classname="biblioj.ReservationControllerTests" name="testUpdate" time="0.069" />
  <testcase classname="biblioj.ReservationControllerTests" name="testEdit" time="0.057" />
  <testcase classname="biblioj.ReservationControllerTests" name="testShow" time="0.061" />
  <testcase classname="biblioj.ReservationControllerTests" name="testIndex" time="0.079" />
  <testcase classname="biblioj.ReservationControllerTests" name="testDelete" time="0.062" />
  <system-out><![CDATA[--Output from testList--
--Output from testCreate--
--Output from testSave--
--Output from testUpdate--
--Output from testEdit--
--Output from testShow--
--Output from testIndex--
--Output from testDelete--
]]></system-out>
  <system-err><![CDATA[--Output from testList--
--Output from testCreate--
--Output from testSave--
--Output from testUpdate--
--Output from testEdit--
--Output from testShow--
--Output from testIndex--
--Output from testDelete--
]]></system-err>
</testsuite>
