<?xml version="1.0" encoding="UTF-8" ?>
<testsuite errors="0" failures="0" hostname="Anas-PC" name="biblioj.AuteurControllerTests" tests="8" time="6.127" timestamp="2014-04-22T22:14:02">
  <properties />
  <testcase classname="biblioj.AuteurControllerTests" name="testIndex" time="4.003" />
  <testcase classname="biblioj.AuteurControllerTests" name="testList" time="0.776" />
  <testcase classname="biblioj.AuteurControllerTests" name="testShow" time="0.567" />
  <testcase classname="biblioj.AuteurControllerTests" name="testSave" time="0.179" />
  <testcase classname="biblioj.AuteurControllerTests" name="testEdit" time="0.098" />
  <testcase classname="biblioj.AuteurControllerTests" name="testCreate" time="0.104" />
  <testcase classname="biblioj.AuteurControllerTests" name="testUpdate" time="0.116" />
  <testcase classname="biblioj.AuteurControllerTests" name="testDelete" time="0.13" />
  <system-out><![CDATA[--Output from testIndex--
--Output from testList--
--Output from testShow--
--Output from testSave--
--Output from testEdit--
--Output from testCreate--
--Output from testUpdate--
--Output from testDelete--
]]></system-out>
  <system-err><![CDATA[--Output from testIndex--
--Output from testList--
--Output from testShow--
--Output from testSave--
--Output from testEdit--
--Output from testCreate--
--Output from testUpdate--
--Output from testDelete--
]]></system-err>
</testsuite>
