<?xml version="1.0" encoding="UTF-8" ?>
<testsuite errors="0" failures="0" hostname="XERS-PC" name="biblioj.TypeDocumentControllerTests" tests="8" time="0.822" timestamp="2014-04-22T22:31:56">
  <properties />
  <testcase classname="biblioj.TypeDocumentControllerTests" name="testList" time="0.268" />
  <testcase classname="biblioj.TypeDocumentControllerTests" name="testCreate" time="0.064" />
  <testcase classname="biblioj.TypeDocumentControllerTests" name="testSave" time="0.104" />
  <testcase classname="biblioj.TypeDocumentControllerTests" name="testUpdate" time="0.064" />
  <testcase classname="biblioj.TypeDocumentControllerTests" name="testEdit" time="0.057" />
  <testcase classname="biblioj.TypeDocumentControllerTests" name="testShow" time="0.057" />
  <testcase classname="biblioj.TypeDocumentControllerTests" name="testIndex" time="0.048" />
  <testcase classname="biblioj.TypeDocumentControllerTests" name="testDelete" time="0.058" />
  <system-out><![CDATA[--Output from testList--
--Output from testCreate--
--Output from testSave--
--Output from testUpdate--
--Output from testEdit--
--Output from testShow--
--Output from testIndex--
--Output from testDelete--
]]></system-out>
  <system-err><![CDATA[--Output from testList--
--Output from testCreate--
--Output from testSave--
--Output from testUpdate--
--Output from testEdit--
--Output from testShow--
--Output from testIndex--
--Output from testDelete--
]]></system-err>
</testsuite>
