<?xml version="1.0" encoding="UTF-8" ?>
<testsuite errors="0" failures="0" hostname="XERS-PC" name="biblioj.TypeDocumentControllerTests" tests="8" time="0.814" timestamp="2014-04-21T03:13:35">
  <properties />
  <testcase classname="biblioj.TypeDocumentControllerTests" name="testEdit" time="0.287" />
  <testcase classname="biblioj.TypeDocumentControllerTests" name="testUpdate" time="0.073" />
  <testcase classname="biblioj.TypeDocumentControllerTests" name="testSave" time="0.062" />
  <testcase classname="biblioj.TypeDocumentControllerTests" name="testDelete" time="0.058" />
  <testcase classname="biblioj.TypeDocumentControllerTests" name="testCreate" time="0.046" />
  <testcase classname="biblioj.TypeDocumentControllerTests" name="testShow" time="0.051" />
  <testcase classname="biblioj.TypeDocumentControllerTests" name="testList" time="0.047" />
  <testcase classname="biblioj.TypeDocumentControllerTests" name="testIndex" time="0.047" />
  <system-out><![CDATA[--Output from testEdit--
--Output from testUpdate--
--Output from testSave--
--Output from testDelete--
--Output from testCreate--
--Output from testShow--
--Output from testList--
--Output from testIndex--
]]></system-out>
  <system-err><![CDATA[--Output from testEdit--
--Output from testUpdate--
--Output from testSave--
--Output from testDelete--
--Output from testCreate--
--Output from testShow--
--Output from testList--
--Output from testIndex--
]]></system-err>
</testsuite>
