<?xml version="1.0" encoding="UTF-8" ?>
<testsuite errors="0" failures="0" hostname="XERS-PC" name="biblioj.AuteurTests" tests="8" time="0.303" timestamp="2014-04-22T22:31:53">
  <properties />
  <testcase classname="biblioj.AuteurTests" name="testConstraintNomNullPrenomNull" time="0.067" />
  <testcase classname="biblioj.AuteurTests" name="testConstraintNomBlankPrenomBlanck" time="0.012" />
  <testcase classname="biblioj.AuteurTests" name="testConstraintsValidees" time="0.029" />
  <testcase classname="biblioj.AuteurTests" name="testConstraintPrenomBlank" time="0.01" />
  <testcase classname="biblioj.AuteurTests" name="testConstraintPrenomNull" time="0.012" />
  <testcase classname="biblioj.AuteurTests" name="testConstraintNomNull" time="0.011" />
  <testcase classname="biblioj.AuteurTests" name="testConstraintNomBlank" time="0.01" />
  <testcase classname="biblioj.AuteurTests" name="testToString" time="0.013" />
  <system-out><![CDATA[--Output from testConstraintNomNullPrenomNull--
--Output from testConstraintNomBlankPrenomBlanck--
--Output from testConstraintsValidees--
--Output from testConstraintPrenomBlank--
--Output from testConstraintPrenomNull--
--Output from testConstraintNomNull--
--Output from testConstraintNomBlank--
--Output from testToString--
]]></system-out>
  <system-err><![CDATA[--Output from testConstraintNomNullPrenomNull--
--Output from testConstraintNomBlankPrenomBlanck--
--Output from testConstraintsValidees--
--Output from testConstraintPrenomBlank--
--Output from testConstraintPrenomNull--
--Output from testConstraintNomNull--
--Output from testConstraintNomBlank--
--Output from testToString--
]]></system-err>
</testsuite>
