<?xml version="1.0" encoding="UTF-8" ?>
<testsuite errors="0" failures="0" hostname="XERS-PC" name="biblioj.LivreControllerTests" tests="8" time="0.96" timestamp="2014-04-21T03:13:32">
  <properties />
  <testcase classname="biblioj.LivreControllerTests" name="testEdit" time="0.362" />
  <testcase classname="biblioj.LivreControllerTests" name="testUpdate" time="0.076" />
  <testcase classname="biblioj.LivreControllerTests" name="testSave" time="0.058" />
  <testcase classname="biblioj.LivreControllerTests" name="testDelete" time="0.062" />
  <testcase classname="biblioj.LivreControllerTests" name="testCreate" time="0.053" />
  <testcase classname="biblioj.LivreControllerTests" name="testShow" time="0.062" />
  <testcase classname="biblioj.LivreControllerTests" name="testList" time="0.122" />
  <testcase classname="biblioj.LivreControllerTests" name="testIndex" time="0.064" />
  <system-out><![CDATA[--Output from testEdit--
--Output from testUpdate--
--Output from testSave--
--Output from testDelete--
--Output from testCreate--
--Output from testShow--
--Output from testList--
--Output from testIndex--
]]></system-out>
  <system-err><![CDATA[--Output from testEdit--
--Output from testUpdate--
--Output from testSave--
--Output from testDelete--
--Output from testCreate--
--Output from testShow--
--Output from testList--
--Output from testIndex--
]]></system-err>
</testsuite>
