<?xml version="1.0" encoding="UTF-8" ?>
<testsuite errors="0" failures="0" hostname="XERS-PC" name="biblioj.LivreTests" tests="7" time="0.318" timestamp="2014-04-22T22:31:55">
  <properties />
  <testcase classname="biblioj.LivreTests" name="testConstraintNombreExemplairesDisponiblesMinValue" time="0.095" />
  <testcase classname="biblioj.LivreTests" name="testConstraintTitreNullNombreExemplairesNullNombreExemplairesDisponiblesNull" time="0.011" />
  <testcase classname="biblioj.LivreTests" name="testConstraintTypeDocumentNull" time="0.013" />
  <testcase classname="biblioj.LivreTests" name="testConstraintNombreExemplairesMinValue" time="0.012" />
  <testcase classname="biblioj.LivreTests" name="testConstraintsValidees" time="0.012" />
  <testcase classname="biblioj.LivreTests" name="testConstraintTitreNull" time="0.012" />
  <testcase classname="biblioj.LivreTests" name="testToString" time="0.011" />
  <system-out><![CDATA[--Output from testConstraintNombreExemplairesDisponiblesMinValue--
--Output from testConstraintTitreNullNombreExemplairesNullNombreExemplairesDisponiblesNull--
--Output from testConstraintTypeDocumentNull--
--Output from testConstraintNombreExemplairesMinValue--
--Output from testConstraintsValidees--
--Output from testConstraintTitreNull--
--Output from testToString--
]]></system-out>
  <system-err><![CDATA[--Output from testConstraintNombreExemplairesDisponiblesMinValue--
--Output from testConstraintTitreNullNombreExemplairesNullNombreExemplairesDisponiblesNull--
--Output from testConstraintTypeDocumentNull--
--Output from testConstraintNombreExemplairesMinValue--
--Output from testConstraintsValidees--
--Output from testConstraintTitreNull--
--Output from testToString--
]]></system-err>
</testsuite>
