<?xml version="1.0" encoding="UTF-8" ?>
<testsuite errors="0" failures="0" hostname="XERS-PC" name="biblioj.ReservationTests" tests="3" time="0.304" timestamp="2014-04-21T03:13:34">
  <properties />
  <testcase classname="biblioj.ReservationTests" name="testToString" time="0.083" />
  <testcase classname="biblioj.ReservationTests" name="testConstraintsValidees" time="0.017" />
  <testcase classname="biblioj.ReservationTests" name="testConstraintCodeNull" time="0.013" />
  <system-out><![CDATA[--Output from testToString--
--Output from testConstraintsValidees--
--Output from testConstraintCodeNull--
]]></system-out>
  <system-err><![CDATA[--Output from testToString--
--Output from testConstraintsValidees--
--Output from testConstraintCodeNull--
]]></system-err>
</testsuite>
