<?xml version="1.0" encoding="UTF-8" ?>
<testsuite errors="0" failures="0" hostname="XERS-PC" name="biblioj.TypeDocumentTests" tests="3" time="0.093" timestamp="2014-04-21T01:52:08">
  <properties />
  <testcase classname="biblioj.TypeDocumentTests" name="testConstraintIntituleBlank" time="0.066" />
  <testcase classname="biblioj.TypeDocumentTests" name="testConstraintIntituleNull" time="0.01" />
  <testcase classname="biblioj.TypeDocumentTests" name="testConstraintsValidees" time="0.012" />
  <system-out><![CDATA[--Output from testConstraintIntituleBlank--
--Output from testConstraintIntituleNull--
--Output from testConstraintsValidees--
]]></system-out>
  <system-err><![CDATA[--Output from testConstraintIntituleBlank--
--Output from testConstraintIntituleNull--
--Output from testConstraintsValidees--
]]></system-err>
</testsuite>
