<?xml version="1.0" encoding="UTF-8" ?>
<testsuite errors="0" failures="0" hostname="Anas-PC" name="biblioj.AuteurTests" tests="8" time="0.571" timestamp="2014-04-22T22:49:17">
  <properties />
  <testcase classname="biblioj.AuteurTests" name="testConstraintNomNullPrenomNull" time="0.133" />
  <testcase classname="biblioj.AuteurTests" name="testConstraintNomBlankPrenomBlanck" time="0.025" />
  <testcase classname="biblioj.AuteurTests" name="testToString" time="0.022" />
  <testcase classname="biblioj.AuteurTests" name="testConstraintNomNull" time="0.024" />
  <testcase classname="biblioj.AuteurTests" name="testConstraintPrenomNull" time="0.022" />
  <testcase classname="biblioj.AuteurTests" name="testConstraintsValidees" time="0.032" />
  <testcase classname="biblioj.AuteurTests" name="testConstraintPrenomBlank" time="0.026" />
  <testcase classname="biblioj.AuteurTests" name="testConstraintNomBlank" time="0.035" />
  <system-out><![CDATA[--Output from testConstraintNomNullPrenomNull--
--Output from testConstraintNomBlankPrenomBlanck--
--Output from testToString--
--Output from testConstraintNomNull--
--Output from testConstraintPrenomNull--
--Output from testConstraintsValidees--
--Output from testConstraintPrenomBlank--
--Output from testConstraintNomBlank--
]]></system-out>
  <system-err><![CDATA[--Output from testConstraintNomNullPrenomNull--
--Output from testConstraintNomBlankPrenomBlanck--
--Output from testToString--
--Output from testConstraintNomNull--
--Output from testConstraintPrenomNull--
--Output from testConstraintsValidees--
--Output from testConstraintPrenomBlank--
--Output from testConstraintNomBlank--
]]></system-err>
</testsuite>
