<?xml version="1.0" encoding="UTF-8" ?>
<testsuite errors="0" failures="0" hostname="XERS-PC" name="biblioj.AuteurControllerTests" tests="8" time="1.781" timestamp="2014-04-21T03:13:30">
  <properties />
  <testcase classname="biblioj.AuteurControllerTests" name="testEdit" time="0.859" />
  <testcase classname="biblioj.AuteurControllerTests" name="testUpdate" time="0.13" />
  <testcase classname="biblioj.AuteurControllerTests" name="testSave" time="0.224" />
  <testcase classname="biblioj.AuteurControllerTests" name="testDelete" time="0.089" />
  <testcase classname="biblioj.AuteurControllerTests" name="testCreate" time="0.079" />
  <testcase classname="biblioj.AuteurControllerTests" name="testShow" time="0.108" />
  <testcase classname="biblioj.AuteurControllerTests" name="testList" time="0.127" />
  <testcase classname="biblioj.AuteurControllerTests" name="testIndex" time="0.064" />
  <system-out><![CDATA[--Output from testEdit--
--Output from testUpdate--
--Output from testSave--
--Output from testDelete--
--Output from testCreate--
--Output from testShow--
--Output from testList--
--Output from testIndex--
]]></system-out>
  <system-err><![CDATA[--Output from testEdit--
--Output from testUpdate--
--Output from testSave--
--Output from testDelete--
--Output from testCreate--
--Output from testShow--
--Output from testList--
--Output from testIndex--
]]></system-err>
</testsuite>
