<?xml version="1.0" encoding="UTF-8" ?>
<testsuite errors="0" failures="0" hostname="Anas-PC" name="biblioj.AuteurTests" tests="8" time="0.578" timestamp="2014-04-22T22:14:08">
  <properties />
  <testcase classname="biblioj.AuteurTests" name="testConstraintNomNull" time="0.184" />
  <testcase classname="biblioj.AuteurTests" name="testConstraintNomBlank" time="0.029" />
  <testcase classname="biblioj.AuteurTests" name="testConstraintPrenomBlank" time="0.028" />
  <testcase classname="biblioj.AuteurTests" name="testConstraintsValidees" time="0.034" />
  <testcase classname="biblioj.AuteurTests" name="testConstraintPrenomNull" time="0.035" />
  <testcase classname="biblioj.AuteurTests" name="testConstraintNomBlankPrenomBlanck" time="0.034" />
  <testcase classname="biblioj.AuteurTests" name="testConstraintNomNullPrenomNull" time="0.035" />
  <testcase classname="biblioj.AuteurTests" name="testToString" time="0.038" />
  <system-out><![CDATA[--Output from testConstraintNomNull--
--Output from testConstraintNomBlank--
--Output from testConstraintPrenomBlank--
--Output from testConstraintsValidees--
--Output from testConstraintPrenomNull--
--Output from testConstraintNomBlankPrenomBlanck--
--Output from testConstraintNomNullPrenomNull--
--Output from testToString--
]]></system-out>
  <system-err><![CDATA[--Output from testConstraintNomNull--
--Output from testConstraintNomBlank--
--Output from testConstraintPrenomBlank--
--Output from testConstraintsValidees--
--Output from testConstraintPrenomNull--
--Output from testConstraintNomBlankPrenomBlanck--
--Output from testConstraintNomNullPrenomNull--
--Output from testToString--
]]></system-err>
</testsuite>
